[03Dec2024 00:02:21.575] [Server thread/INFO] [net.minecraft.server.MinecraftServer/]: <Gondar_80> jhyn, ya tenemos filo
[03Dec2024 00:22:42.533] [Server thread/INFO] [net.minecraft.server.MinecraftServer/]: <Pepishikita21> i wi
[03Dec2024 00:26:06.622] [Server thread/INFO] [net.minecraft.server.MinecraftServer/]: <Pepishikita21> abajo
[03Dec2024 00:32:14.577] [Server thread/INFO] [net.minecraft.server.MinecraftServer/]: <Pepishikita21> ven
[03Dec2024 00:32:21.041] [Server thread/INFO] [net.minecraft.server.MinecraftServer/]: [Gondar_80: Teleported Gondar_80 to Pepishikita21]
[03Dec2024 00:33:01.844] [Server thread/INFO] [net.minecraft.server.MinecraftServer/]: <Pepishikita21> pa que veas si te gusta y cual de los dos
[03Dec2024 00:39:17.282] [Server thread/INFO] [net.minecraft.server.MinecraftServer/]: <Pepishikita21> ay atril de gragon
[03Dec2024 00:39:19.572] [Server thread/INFO] [net.minecraft.server.MinecraftServer/]: <Pepishikita21> ?
[03Dec2024 00:39:38.121] [Server thread/INFO] [net.minecraft.server.MinecraftServer/]: <Pepishikita21> eso
[03Dec2024 00:39:44.340] [Server thread/INFO] [net.minecraft.server.MinecraftServer/]: <Pepishikita21> a
[03Dec2024 00:41:20.282] [Server thread/INFO] [net.minecraft.server.MinecraftServer/]: <Pepishikita21> que vas a hacer?
[03Dec2024 00:41:46.629] [Server thread/INFO] [net.minecraft.server.MinecraftServer/]: <Pepishikita21> ño
[03Dec2024 00:41:59.728] [Server thread/INFO] [net.minecraft.server.MinecraftServer/]: <Pepishikita21> curiosidad
[03Dec2024 00:42:35.127] [Server thread/INFO] [net.minecraft.server.MinecraftServer/]: <Pepishikita21> fi
[03Dec2024 00:42:51.390] [Server thread/INFO] [net.minecraft.server.MinecraftServer/]: <Pepishikita21> Ño
[03Dec2024 00:45:19.307] [Server thread/WARN] [net.minecraft.server.network.ServerGamePacketListenerImpl/]: Gondar_80 moved too quickly! -5.373685077594644,-1.7967356006687112,8.627917726443002
[03Dec2024 00:45:53.479] [Server thread/WARN] [net.minecraft.server.level.ServerPlayerGameMode/]: Mismatch in destroy block pos: BlockPos{x=-349, y=81, z=1093} BlockPos{x=-449, y=52, z=1418}
[03Dec2024 00:45:53.584] [Server thread/WARN] [net.minecraft.server.level.ServerPlayerGameMode/]: Mismatch in destroy block pos: BlockPos{x=-349, y=81, z=1093} BlockPos{x=-449, y=52, z=1419}
[03Dec2024 00:45:55.330] [Server thread/INFO] [net.minecraft.world.entity.npc.Villager/]: Villager Villager['Emilio'/35768, l='ServerLevel[world]', x=-538.83, y=69.02, z=1503.76] died, message: 'Emilio was slain by Zombie'
[03Dec2024 00:45:55.332] [Server thread/INFO] [net.minecraft.world.entity.LivingEntity/]: Named entity Villager['Emilio'/35768, l='ServerLevel[world]', x=-538.83, y=69.02, z=1503.76] died: Emilio was slain by Zombie
[03Dec2024 00:45:57.981] [Server thread/INFO] [net.minecraft.server.MinecraftServer/]: <Pepishikita21> Pos creo que ño
[03Dec2024 00:48:32.039] [Server thread/INFO] [net.minecraft.server.MinecraftServer/]: <Pepishikita21> ño
[03Dec2024 00:51:00.429] [Server thread/INFO] [net.minecraft.world.entity.LivingEntity/]: Named entity ZombieVillager['Emilio'/36538, l='ServerLevel[world]', x=-529.37, y=68.00, z=1489.49] died: Emilio burned to death
[03Dec2024 00:56:45.589] [Server thread/INFO] [net.minecraft.server.MinecraftServer/]: [Not Secure] [Server] :p
[03Dec2024 01:11:26.132] [Server thread/INFO] [net.minecraft.server.MinecraftServer/]: <Pepishikita21> 10
[03Dec2024 01:11:34.229] [Server thread/INFO] [net.minecraft.server.MinecraftServer/]: <Pepishikita21> fi
[03Dec2024 01:11:45.483] [Server thread/INFO] [net.minecraft.server.MinecraftServer/]: <Pepishikita21> y eso es?
[03Dec2024 01:12:16.130] [Server thread/INFO] [net.minecraft.server.MinecraftServer/]: [Gondar_80: Teleported Gondar_80 to Pepishikita21]
[03Dec2024 01:12:22.440] [Server thread/INFO] [net.minecraft.server.MinecraftServer/]: <Pepishikita21> avisaa
[03Dec2024 01:12:49.346] [Server thread/INFO] [net.minecraft.server.MinecraftServer/]: <Pepishikita21> mata a los cerdos
[03Dec2024 01:12:55.470] [Server thread/INFO] [net.minecraft.server.MinecraftServer/]: <Pepishikita21> me abruma tanto ruido
[03Dec2024 01:17:10.526] [Server thread/INFO] [net.minecraft.server.MinecraftServer/]: [Pepishikita21: Teleported Pepishikita21 to Gondar_80]
[03Dec2024 01:18:09.474] [Server thread/INFO] [net.minecraft.server.MinecraftServer/]: [Pepishikita21: Teleported Pepishikita21 to Gondar_80]
[03Dec2024 01:18:39.815] [Server thread/INFO] [net.minecraft.server.MinecraftServer/]: Pepishikita21 has made the advancement [Crabtured]
[03Dec2024 01:18:59.660] [Server thread/INFO] [net.minecraft.server.MinecraftServer/]: [Pepishikita21: Teleported Pepishikita21 to -382.500000, 84.500000, 1162.500000]
[03Dec2024 01:19:02.176] [Server thread/INFO] [net.minecraft.server.MinecraftServer/]: <Pepishikita21> Ni idea
[03Dec2024 01:21:51.992] [Server thread/INFO] [net.minecraft.server.MinecraftServer/]: [Gondar_80: Teleported Gondar_80 to -569.500000, 200.500000, 1326.500000]
[03Dec2024 01:23:52.848] [User Authenticator #4/INFO] [net.minecraft.server.network.ServerLoginPacketListenerImpl/]: UUID of player JhynMC is 3f2294df-8b7e-46c2-a4b1-0711298c5e35
[03Dec2024 01:24:12.070] [Server thread/INFO] [net.minecraft.server.players.PlayerList/]: JhynMC[/127.242.210.13:36177] logged in with entity id 51168 at (-419.796804793247, 85.0, 1123.8925034503486)
[03Dec2024 01:24:12.145] [Server thread/INFO] [net.minecraft.server.MinecraftServer/]: JhynMC joined the game
[03Dec2024 01:24:12.240] [Server thread/INFO] [Jade/]: Syncing config to JhynMC (3f2294df-8b7e-46c2-a4b1-0711298c5e35)
[03Dec2024 01:24:20.773] [Server thread/INFO] [net.minecraft.server.MinecraftServer/]: <Gondar_80> oa
[03Dec2024 01:24:44.893] [Server thread/INFO] [net.minecraft.server.MinecraftServer/]: <Pepishikita21> JHYNCITOOOOO
[03Dec2024 01:25:28.975] [Server thread/INFO] [net.minecraft.server.MinecraftServer/]: <JhynMC> Holiiiis
[03Dec2024 01:27:04.579] [Server thread/INFO] [net.minecraft.server.MinecraftServer/]: [Gondar_80: Teleported Gondar_80 to -575.500000, 200.500000, 1332.500000]
[03Dec2024 01:30:27.630] [Server thread/INFO] [net.minecraft.server.MinecraftServer/]: <Pepishikita21> Jhyn jhyn jhyn
[03Dec2024 01:30:45.531] [Server thread/INFO] [net.minecraft.server.MinecraftServer/]: <JhynMC> Pepi Pepi Pepi
[03Dec2024 01:31:02.846] [Server thread/INFO] [net.minecraft.server.MinecraftServer/]: <Pepishikita21> oa wuenas, necesito su opinions
[03Dec2024 01:31:21.673] [Server thread/INFO] [net.minecraft.server.MinecraftServer/]: <Pepishikita21> enga
[03Dec2024 01:31:39.839] [Server thread/INFO] [net.minecraft.server.MinecraftServer/]: <Pepishikita21> aqui
[03Dec2024 01:31:47.136] [Server thread/INFO] [net.minecraft.server.MinecraftServer/]: <Pepishikita21> no se como decorar la cosa de cofres
[03Dec2024 01:32:03.070] [Server thread/INFO] [net.minecraft.server.MinecraftServer/]: <Pepishikita21> Y ya me estrese con eso
[03Dec2024 01:32:42.040] [Server thread/INFO] [net.minecraft.server.MinecraftServer/]: <Pepishikita21> Me aiuda
[03Dec2024 01:34:24.475] [Server thread/INFO] [net.minecraft.server.MinecraftServer/]: <JhynMC> a
[03Dec2024 01:38:01.525] [Server thread/INFO] [net.minecraft.server.MinecraftServer/]: <JhynMC> Algo tipo así?
[03Dec2024 01:38:07.371] [Server thread/INFO] [net.minecraft.server.MinecraftServer/]: <Pepishikita21> Y como hago pa llenar aqui?
[03Dec2024 01:38:31.728] [Server thread/INFO] [net.minecraft.server.MinecraftServer/]: <Pepishikita21> es que ahi es donde me quedo en blanco
[03Dec2024 01:38:35.929] [Server thread/INFO] [net.minecraft.server.MinecraftServer/]: <Pepishikita21> porque me gusta esa idea
[03Dec2024 01:38:43.127] [Server thread/INFO] [net.minecraft.server.MinecraftServer/]: <Pepishikita21> JAJAJA y jhyn como de
[03Dec2024 01:38:47.723] [Server thread/INFO] [net.minecraft.server.MinecraftServer/]: <Pepishikita21> que chinga
[03Dec2024 01:38:55.475] [Server thread/INFO] [net.minecraft.server.MinecraftServer/]: <JhynMC> onde?
[03Dec2024 01:39:08.144] [Server thread/INFO] [net.minecraft.server.MinecraftServer/]: <Pepishikita21> aja
[03Dec2024 01:40:15.539] [Server thread/INFO] [net.minecraft.server.MinecraftServer/]: <JhynMC> Esteem
[03Dec2024 01:40:31.232] [Server thread/INFO] [net.minecraft.server.MinecraftServer/]: <JhynMC> y si usamos al buen pinterest? xD
[03Dec2024 01:43:13.499] [Server thread/INFO] [net.minecraft.server.MinecraftServer/]: <Pepishikita21> asi?
[03Dec2024 01:44:03.434] [Server thread/INFO] [net.minecraft.server.MinecraftServer/]: <JhynMC> Noes tan man malo, pero pos al final le tiene que gustar es a uste
[03Dec2024 01:44:26.231] [Server thread/INFO] [net.minecraft.server.MinecraftServer/]: <Pepishikita21> Es que ya me abrume y se que ahorita no me va a gustar algo, por eso quiero su opinions
[03Dec2024 01:44:39.292] [Server thread/INFO] [net.minecraft.server.MinecraftServer/]: <Pepishikita21> Porque gondar no me dice si si o no :c
[03Dec2024 01:45:53.675] [Server thread/INFO] [net.minecraft.server.MinecraftServer/]: <Pepishikita21> tiene barril que me preste solo pa ver
[03Dec2024 01:47:11.476] [Server thread/INFO] [net.minecraft.server.MinecraftServer/]: <Pepishikita21> asi o o ais?
[03Dec2024 01:47:29.024] [Server thread/INFO] [net.minecraft.server.MinecraftServer/]: <Pepishikita21> Grafias
[03Dec2024 01:48:32.634] [Server thread/INFO] [net.minecraft.server.MinecraftServer/]: <JhynMC> Me encanta la alfombra
[03Dec2024 01:48:43.427] [Server thread/INFO] [net.minecraft.server.MinecraftServer/]: <Pepishikita21> Grafias <3 robe la idea
[03Dec2024 01:48:54.973] [Server thread/INFO] [net.minecraft.server.MinecraftServer/]: <JhynMC> Se parece a la ruleta del Dedsafio
[03Dec2024 01:48:59.729] [Server thread/INFO] [net.minecraft.server.MinecraftServer/]: <Pepishikita21> JAJAJAJA
[03Dec2024 01:49:15.331] [Server thread/INFO] [net.minecraft.server.MinecraftServer/]: <Pepishikita21> se hubiera venido por aqui
[03Dec2024 01:49:28.693] [Server thread/INFO] [net.minecraft.server.MinecraftServer/]: <JhynMC> A
[03Dec2024 01:49:34.228] [Server thread/INFO] [net.minecraft.server.MinecraftServer/]: <JhynMC> AKSJAKSJKA
[03Dec2024 01:52:26.180] [Server thread/INFO] [net.minecraft.server.MinecraftServer/]: <Gondar_80> jhyn tiene que ser importante ese último canal de agua que hace?
[03Dec2024 01:55:49.477] [Server thread/INFO] [net.minecraft.server.MinecraftServer/]: <JhynMC> Supongo que por algo lo hace xD
[03Dec2024 02:02:23.678] [Server thread/INFO] [net.minecraft.server.MinecraftServer/]: [Gondar_80: Teleported Gondar_80 to Pepishikita21]
[03Dec2024 02:02:45.823] [Server thread/INFO] [net.minecraft.server.network.ServerGamePacketListenerImpl/]: JhynMC lost connection: Disconnected
[03Dec2024 02:02:45.823] [Server thread/INFO] [net.minecraft.server.MinecraftServer/]: JhynMC left the game
[03Dec2024 02:02:45.872] [Server thread/WARN] [net.minecraft.network.Connection/]: handleDisconnection() called twice
[03Dec2024 02:03:06.972] [Server thread/INFO] [net.minecraft.server.MinecraftServer/]: [Not Secure] [Server] a
[03Dec2024 02:03:10.128] [Server thread/INFO] [net.minecraft.server.MinecraftServer/]: [Gondar_80: Teleported Gondar_80 to -575.500000, 200.500000, 1332.500000]
[03Dec2024 02:03:46.273] [User Authenticator #5/INFO] [net.minecraft.server.network.ServerLoginPacketListenerImpl/]: UUID of player JhynMC is 3f2294df-8b7e-46c2-a4b1-0711298c5e35
[03Dec2024 02:03:59.296] [Server thread/INFO] [net.minecraft.server.MinecraftServer/]: <Pepishikita21> que paso?
[03Dec2024 02:04:03.804] [Server thread/INFO] [net.minecraft.server.players.PlayerList/]: JhynMC[/127.242.210.13:56951] logged in with entity id 71583 at (-411.8295134036333, 85.0, 1113.8842102882259)
[03Dec2024 02:04:03.824] [Server thread/INFO] [net.minecraft.server.MinecraftServer/]: JhynMC joined the game
[03Dec2024 02:04:03.870] [Server thread/INFO] [Jade/]: Syncing config to JhynMC (3f2294df-8b7e-46c2-a4b1-0711298c5e35)
[03Dec2024 02:05:18.942] [Server thread/INFO] [net.minecraft.server.network.ServerGamePacketListenerImpl/]: JhynMC lost connection: Timed out
[03Dec2024 02:05:18.942] [Server thread/INFO] [net.minecraft.server.MinecraftServer/]: JhynMC left the game
[03Dec2024 02:06:34.478] [Server thread/INFO] [net.minecraft.server.network.ServerLoginPacketListenerImpl/]: com.mojang.authlib.GameProfile@79cd4c0e[id=<null>,name=JhynMC,properties={},legacy=false] (/127.242.210.13:52909) lost connection: Disconnected
[03Dec2024 02:06:42.255] [User Authenticator #6/INFO] [net.minecraft.server.network.ServerLoginPacketListenerImpl/]: UUID of player JhynMC is 3f2294df-8b7e-46c2-a4b1-0711298c5e35
[03Dec2024 02:06:58.749] [Server thread/INFO] [net.minecraft.server.players.PlayerList/]: JhynMC[/127.242.210.13:37441] logged in with entity id 72939 at (-412.59973172863334, 90.0, 1115.5703195878255)
[03Dec2024 02:06:58.764] [Server thread/INFO] [net.minecraft.server.MinecraftServer/]: JhynMC joined the game
[03Dec2024 02:06:58.818] [Server thread/INFO] [Jade/]: Syncing config to JhynMC (3f2294df-8b7e-46c2-a4b1-0711298c5e35)
[03Dec2024 02:08:14.042] [Server thread/INFO] [net.minecraft.server.MinecraftServer/]: <Gondar_80> zzzz
[03Dec2024 02:08:16.842] [Server thread/INFO] [net.minecraft.server.MinecraftServer/]: <Gondar_80> plis abi
[03Dec2024 02:10:02.844] [Server thread/INFO] [net.minecraft.server.MinecraftServer/]: <Gondar_80> grax
[03Dec2024 02:11:44.384] [Server thread/INFO] [net.minecraft.server.network.ServerGamePacketListenerImpl/]: JhynMC lost connection: Timed out
[03Dec2024 02:11:44.385] [Server thread/INFO] [net.minecraft.server.MinecraftServer/]: JhynMC left the game
[03Dec2024 02:12:27.023] [User Authenticator #7/INFO] [net.minecraft.server.network.ServerLoginPacketListenerImpl/]: UUID of player JhynMC is 3f2294df-8b7e-46c2-a4b1-0711298c5e35
[03Dec2024 02:12:43.189] [Server thread/INFO] [net.minecraft.server.players.PlayerList/]: JhynMC[/127.242.210.13:50717] logged in with entity id 75705 at (-349.5647422562451, 81.0, 1065.571981984057)
[03Dec2024 02:12:43.204] [Server thread/INFO] [net.minecraft.server.MinecraftServer/]: JhynMC joined the game
[03Dec2024 02:12:43.244] [Server thread/INFO] [Jade/]: Syncing config to JhynMC (3f2294df-8b7e-46c2-a4b1-0711298c5e35)
[03Dec2024 02:22:49.582] [Server thread/INFO] [net.minecraft.server.MinecraftServer/]: <Gondar_80> el de los mobts en cada spawn se respeta el 4 x 4?
[03Dec2024 02:23:04.442] [Server thread/INFO] [net.minecraft.server.MinecraftServer/]: <JhynMC> ke?
[03Dec2024 02:23:12.076] [Server thread/INFO] [net.minecraft.server.MinecraftServer/]: [JhynMC: Teleported JhynMC to Gondar_80]
[03Dec2024 02:23:14.779] [Server thread/INFO] [net.minecraft.server.MinecraftServer/]: <Gondar_80> donde ponias las cajas :v
[03Dec2024 02:23:26.329] [Server thread/INFO] [net.minecraft.server.MinecraftServer/]: <Gondar_80> de aquí bajan
[03Dec2024 02:23:31.671] [Server thread/INFO] [net.minecraft.server.MinecraftServer/]: <Gondar_80> a
[03Dec2024 02:23:48.572] [Server thread/INFO] [net.minecraft.server.MinecraftServer/]: <JhynMC> imagine que es un spawn xd
[03Dec2024 02:23:49.871] [Server thread/INFO] [net.minecraft.server.MinecraftServer/]: <Gondar_80> ahí donde esta ese bloque en el aire va una caja :v
[03Dec2024 02:24:08.870] [Server thread/INFO] [net.minecraft.server.MinecraftServer/]: <Gondar_80> pero en el anterior teniamos varios spawns
[03Dec2024 02:24:12.781] [Server thread/INFO] [net.minecraft.server.MinecraftServer/]: <Gondar_80> como le hacias?
[03Dec2024 02:24:17.128] [Server thread/INFO] [net.minecraft.server.MinecraftServer/]: <JhynMC> Ajá
[03Dec2024 02:24:31.147] [Server thread/INFO] [net.minecraft.server.MinecraftServer/]: <JhynMC> Es que no entendí tu pregunta
[03Dec2024 02:24:41.075] [Server thread/INFO] [net.minecraft.server.MinecraftServer/]: <JhynMC> Pueden ir varios spawn juntos
[03Dec2024 02:24:45.726] [Server thread/INFO] [net.minecraft.server.MinecraftServer/]: <Gondar_80> a
[03Dec2024 02:24:51.071] [Server thread/INFO] [net.minecraft.server.MinecraftServer/]: <Gondar_80> entonces siempre dejo esto en 4 x 4?
[03Dec2024 02:25:05.087] [Server thread/INFO] [net.minecraft.server.MinecraftServer/]: <Gondar_80> o es indiferente?
[03Dec2024 02:25:07.180] [Server thread/INFO] [net.minecraft.server.MinecraftServer/]: <Gondar_80> a
[03Dec2024 02:25:26.724] [Server thread/INFO] [net.minecraft.server.MinecraftServer/]: <JhynMC> Pero tipo donde es el 4x4?
[03Dec2024 02:25:58.485] [Server thread/INFO] [net.minecraft.server.MinecraftServer/]: <JhynMC> No puedes ir disc? xD
[03Dec2024 02:26:11.672] [Server thread/INFO] [net.minecraft.server.MinecraftServer/]: <Gondar_80> vamos poe
[03Dec2024 02:26:13.631] [Server thread/INFO] [net.minecraft.server.MinecraftServer/]: <Gondar_80> facherosos
[03Dec2024 02:26:51.671] [Server thread/INFO] [net.minecraft.server.MinecraftServer/]: <JhynMC> Ahh ya xD
[03Dec2024 02:27:25.524] [Server thread/INFO] [net.minecraft.server.MinecraftServer/]: <JhynMC> No me acuardo algouien me hizo ampliarlo mucho cof cof
[03Dec2024 02:28:05.178] [Server thread/INFO] [net.minecraft.server.MinecraftServer/]: <JhynMC> Lo amplie, lo impoirtante es la zona de donde cae el awa
[03Dec2024 02:28:18.772] [Server thread/INFO] [net.minecraft.server.MinecraftServer/]: <JhynMC> A pos esto como quieras
[03Dec2024 02:28:45.040] [Server thread/INFO] [net.minecraft.server.MinecraftServer/]: <JhynMC> La altura si respetala, lo amchura vale queso
[03Dec2024 02:29:06.330] [Server thread/INFO] [net.minecraft.server.MinecraftServer/]: <JhynMC> me tiré xD
[03Dec2024 02:29:46.691] [Server thread/INFO] [net.minecraft.server.MinecraftServer/]: <JhynMC> Ah tienes el sombrero de paja?
[03Dec2024 02:29:56.327] [Server thread/INFO] [net.minecraft.server.MinecraftServer/]: <JhynMC> tNo está
[03Dec2024 02:30:03.028] [Server thread/INFO] [net.minecraft.server.MinecraftServer/]: [JhynMC: Teleported JhynMC to Gondar_80]
[03Dec2024 02:30:24.626] [Server thread/INFO] [net.minecraft.server.MinecraftServer/]: <JhynMC> AJJAJAJA
[03Dec2024 02:30:39.029] [Server thread/INFO] [net.minecraft.server.MinecraftServer/]: <JhynMC> respiración?
[03Dec2024 02:30:48.020] [Server thread/INFO] [net.minecraft.server.MinecraftServer/]: <JhynMC> Bueno ahí veo
[03Dec2024 02:30:54.988] [Server thread/INFO] [net.minecraft.server.MinecraftServer/]: [JhynMC: Teleported JhynMC to -513.500000, 77.500000, 1039.500000]
[03Dec2024 02:31:09.878] [Server thread/INFO] [net.minecraft.server.MinecraftServer/]: [JhynMC: Teleported JhynMC to -348.500000, 81.500000, 1066.500000]
[03Dec2024 02:34:40.872] [Server thread/INFO] [net.minecraft.server.MinecraftServer/]: <Pepishikita21> Jhyn
[03Dec2024 02:34:46.523] [Server thread/INFO] [net.minecraft.server.MinecraftServer/]: <Pepishikita21> me puedo tp a ute?
[03Dec2024 02:35:00.227] [Server thread/INFO] [net.minecraft.server.MinecraftServer/]: <JhynMC> ñi
[03Dec2024 02:36:01.071] [Server thread/INFO] [net.minecraft.server.MinecraftServer/]: <JhynMC> Graciaa
[03Dec2024 02:36:11.978] [Server thread/INFO] [net.minecraft.server.MinecraftServer/]: <Pepishikita21> 5 pesos
[03Dec2024 02:36:17.292] [Server thread/INFO] [net.minecraft.server.MinecraftServer/]: <JhynMC> a
[03Dec2024 02:36:46.443] [Server thread/INFO] [net.minecraft.server.MinecraftServer/]: [Not Secure] [Server] y.y
[03Dec2024 02:36:52.223] [Server thread/INFO] [net.minecraft.server.MinecraftServer/]: <Pepishikita21> Porque le hizo caso al gonda
[03Dec2024 02:37:47.028] [Server thread/INFO] [net.minecraft.server.MinecraftServer/]: <Pepishikita21> ptmr
[03Dec2024 02:47:25.476] [Server thread/INFO] [net.minecraft.server.MinecraftServer/]: <Pepishikita21> yastoi harta
[03Dec2024 02:47:44.244] [Server thread/INFO] [net.minecraft.server.MinecraftServer/]: <Pepishikita21> quiere mas cofres?
[03Dec2024 02:47:58.242] [Server thread/INFO] [net.minecraft.server.MinecraftServer/]: <JhynMC> a
[03Dec2024 02:48:05.586] [Server thread/INFO] [net.minecraft.server.MinecraftServer/]: <Pepishikita21> o no los quiere?
[03Dec2024 02:48:31.040] [Server thread/INFO] [net.minecraft.server.MinecraftServer/]: <Pepishikita21> es que hago cofres que no son xd
[03Dec2024 02:49:51.484] [Server thread/INFO] [net.minecraft.server.MinecraftServer/]: [Gondar_80: Teleported Gondar_80 to Pepishikita21]
[03Dec2024 02:50:03.173] [Server thread/INFO] [net.minecraft.server.MinecraftServer/]: <Pepishikita21> antes que te baias
[03Dec2024 02:50:05.123] [Server thread/INFO] [net.minecraft.server.MinecraftServer/]: <Pepishikita21> ven
[03Dec2024 02:50:24.621] [Server thread/INFO] [net.minecraft.server.MinecraftServer/]: <Pepishikita21> feliz?
[03Dec2024 02:50:30.984] [Server thread/INFO] [net.minecraft.server.MinecraftServer/]: <Pepishikita21> a
[03Dec2024 02:50:48.778] [Server thread/INFO] [net.minecraft.server.MinecraftServer/]: <Pepishikita21> Jhyn le regalo un dia al gondars
[03Dec2024 02:50:52.437] [Server thread/INFO] [net.minecraft.server.MinecraftServer/]: <JhynMC> tño
[03Dec2024 02:51:05.991] [Server thread/INFO] [net.minecraft.server.MinecraftServer/]: [Gondar_80: Teleported Gondar_80 to -575.500000, 200.500000, 1332.500000]
[03Dec2024 02:51:13.546] [Server thread/INFO] [net.minecraft.server.MinecraftServer/]: <JhynMC> ui
[03Dec2024 02:51:16.788] [Server thread/INFO] [net.minecraft.server.MinecraftServer/]: <Pepishikita21> La de Usa?
[03Dec2024 02:51:17.776] [Server thread/INFO] [net.minecraft.server.MinecraftServer/]: <Pepishikita21> si
[03Dec2024 02:51:24.790] [Server thread/INFO] [net.minecraft.server.MinecraftServer/]: <Pepishikita21> ok
[03Dec2024 02:52:06.773] [Server thread/INFO] [net.minecraft.server.MinecraftServer/]: <Gondar_80> conectate bb
[03Dec2024 02:53:21.685] [Server thread/INFO] [net.minecraft.server.MinecraftServer/]: <Pepishikita21> a
[03Dec2024 02:53:28.524] [Server thread/INFO] [net.minecraft.server.MinecraftServer/]: <Pepishikita21> a las 9:30 me ire
[03Dec2024 02:54:32.875] [Server thread/INFO] [net.minecraft.server.MinecraftServer/]: <JhynMC> Llevo un spawn?
[03Dec2024 02:57:28.228] [Server thread/INFO] [net.minecraft.server.MinecraftServer/]: [Gondar_80: Teleported Gondar_80 to -575.500000, 200.500000, 1332.500000]
[03Dec2024 02:57:34.187] [Server thread/INFO] [net.minecraft.server.MinecraftServer/]: [JhynMC: Teleported JhynMC to -1103.500000, 80.500000, 96.500000]
[03Dec2024 02:58:09.677] [Server thread/INFO] [net.minecraft.server.MinecraftServer/]: [JhynMC: Teleported JhynMC to Gondar_80]
[03Dec2024 02:58:42.437] [Server thread/INFO] [net.minecraft.server.MinecraftServer/]: <JhynMC> Es losa?
[03Dec2024 02:58:46.720] [Server thread/INFO] [net.minecraft.server.MinecraftServer/]: <JhynMC> por eso
[03Dec2024 02:58:52.731] [Server thread/INFO] [net.minecraft.server.MinecraftServer/]: <Pepishikita21> NOOOO
[03Dec2024 02:59:03.426] [Server thread/INFO] [net.minecraft.server.MinecraftServer/]: <JhynMC> tiene que se bloque entero
[03Dec2024 02:59:03.524] [Server thread/INFO] [net.minecraft.server.MinecraftServer/]: <Pepishikita21> mocito
[03Dec2024 02:59:08.123] [Server thread/INFO] [net.minecraft.server.MinecraftServer/]: <Pepishikita21> tp
[03Dec2024 02:59:16.772] [Server thread/INFO] [net.minecraft.server.MinecraftServer/]: [Gondar_80: Teleported Gondar_80 to Pepishikita21]
[03Dec2024 02:59:28.281] [Server thread/INFO] [net.minecraft.server.MinecraftServer/]: [JhynMC: Teleported JhynMC to Gondar_80]
[03Dec2024 02:59:36.917] [Server thread/INFO] [net.minecraft.server.MinecraftServer/]: <JhynMC> XD
[03Dec2024 02:59:47.749] [Server thread/INFO] [net.minecraft.server.MinecraftServer/]: Pepishikita21 has made the advancement ['Kill Yourself' Has Acquired a New Meaning]
[03Dec2024 02:59:47.750] [Server thread/INFO] [net.minecraft.world.entity.LivingEntity/]: Named entity Zombie['Pepishikita21'/99248, l='ServerLevel[world]', x=-386.21, y=84.00, z=1137.24] died: Pepishikita21 was slain by Pepishikita21
[03Dec2024 02:59:51.477] [Server thread/INFO] [net.minecraft.server.MinecraftServer/]: <JhynMC> a
[03Dec2024 03:00:03.468] [Server thread/INFO] [net.minecraft.server.MinecraftServer/]: <Pepishikita21> ME MATO AMI LOBO
[03Dec2024 03:00:18.824] [Server thread/INFO] [net.minecraft.server.MinecraftServer/]: <JhynMC> Pos que muerda mejor
[03Dec2024 03:00:24.024] [Server thread/INFO] [net.minecraft.server.MinecraftServer/]: [Gondar_80: Teleported Gondar_80 to -575.500000, 200.500000, 1332.500000]
[03Dec2024 03:00:53.083] [Server thread/INFO] [net.minecraft.server.MinecraftServer/]: <JhynMC> yr
[03Dec2024 03:06:35.436] [Server thread/INFO] [net.minecraft.server.MinecraftServer/]: <JhynMC> Volví
[03Dec2024 03:07:12.348] [Server thread/INFO] [net.minecraft.server.MinecraftServer/]: <JhynMC> Deberías
[03Dec2024 03:07:28.599] [Server thread/INFO] [net.minecraft.server.MinecraftServer/]: <JhynMC> Debería funcionar
[03Dec2024 03:07:43.677] [Server thread/INFO] [net.minecraft.server.MinecraftServer/]: <JhynMC> Prueba con en las esquinas
[03Dec2024 03:08:24.185] [Server thread/INFO] [net.minecraft.server.MinecraftServer/]: <Pepishikita21> 17
[03Dec2024 03:14:02.489] [Server thread/INFO] [net.minecraft.server.MinecraftServer/]: <Pepishikita21> Listo amor, ya estan tus cofres
[03Dec2024 03:17:50.697] [Server thread/INFO] [net.minecraft.server.MinecraftServer/]: <Pepishikita21> salud
[03Dec2024 03:17:56.224] [Server thread/INFO] [net.minecraft.server.MinecraftServer/]: <Pepishikita21> a
[03Dec2024 03:17:56.925] [Server thread/INFO] [net.minecraft.server.MinecraftServer/]: [JhynMC: Teleported JhynMC to -413.500000, 85.500000, 1128.500000]
[03Dec2024 03:18:14.647] [Server thread/INFO] [net.minecraft.server.MinecraftServer/]: [JhynMC: Teleported JhynMC to Gondar_80]
[03Dec2024 03:18:51.137] [Server thread/INFO] [net.minecraft.server.MinecraftServer/]: <JhynMC> Parece que está listo
[03Dec2024 03:20:27.941] [Server thread/INFO] [net.minecraft.server.MinecraftServer/]: <JhynMC> Uy
[03Dec2024 03:21:02.673] [Server thread/INFO] [net.minecraft.server.MinecraftServer/]: <JhynMC> Pues nada a quitar la pared
[03Dec2024 03:21:58.022] [Server thread/INFO] [net.minecraft.server.MinecraftServer/]: <JhynMC> ahora
[03Dec2024 03:23:27.375] [Server thread/INFO] [net.minecraft.server.MinecraftServer/]: <JhynMC> Esta pared debe ser así?
[03Dec2024 03:24:03.939] [Server thread/INFO] [net.minecraft.server.MinecraftServer/]: <JhynMC> solo hay que hecharla pa tras no?
[03Dec2024 03:25:45.177] [Server thread/INFO] [net.minecraft.server.MinecraftServer/]: <JhynMC> Ahh bajan 2 xD
[03Dec2024 03:26:30.874] [Server thread/INFO] [net.minecraft.server.MinecraftServer/]: <JhynMC> poke solo es de 1
[03Dec2024 03:27:00.473] [Server thread/INFO] [net.minecraft.server.MinecraftServer/]: <JhynMC> ponla infinita ahí
[03Dec2024 03:27:47.280] [Server thread/INFO] [net.minecraft.server.MinecraftServer/]: <JhynMC> perubo?
[03Dec2024 03:27:49.930] [Server thread/INFO] [net.minecraft.server.MinecraftServer/]: <JhynMC> a
[03Dec2024 03:27:56.575] [Server thread/INFO] [net.minecraft.server.MinecraftServer/]: <JhynMC> sdajkjskd Pruebo*
[03Dec2024 03:28:31.822] [Server thread/INFO] [net.minecraft.server.MinecraftServer/]: <JhynMC> Hmm no sale xD
[03Dec2024 03:28:45.547] [Server thread/INFO] [net.minecraft.server.MinecraftServer/]: <JhynMC> buena pregunta
[03Dec2024 03:28:53.595] [Server thread/INFO] [net.minecraft.server.MinecraftServer/]: <JhynMC> Tengo uno de saqueador también
[03Dec2024 03:28:59.326] [Server thread/INFO] [net.minecraft.server.MinecraftServer/]: [JhynMC: Teleported JhynMC to -696.500000, 71.500000, 822.500000]
[03Dec2024 03:29:09.612] [Server thread/INFO] [net.minecraft.server.MinecraftServer/]: [JhynMC: Teleported JhynMC to -1358.500000, -39.500000, -367.500000]
[03Dec2024 03:29:20.187] [Server thread/INFO] [net.minecraft.server.MinecraftServer/]: [JhynMC: Teleported JhynMC to Gondar_80]
[03Dec2024 03:31:12.986] [Server thread/INFO] [net.minecraft.server.MinecraftServer/]: [Gondar_80: Teleported Gondar_80 to -5736.500000, 286.500000, -1926.500000]
[03Dec2024 03:31:27.934] [Server thread/INFO] [net.minecraft.server.MinecraftServer/]: [Gondar_80: Teleported Gondar_80 to JhynMC]
[03Dec2024 03:31:37.372] [Server thread/INFO] [net.minecraft.server.MinecraftServer/]: <JhynMC> Voy por otro
[03Dec2024 03:31:39.132] [Server thread/INFO] [net.minecraft.server.MinecraftServer/]: [Gondar_80: Teleported Gondar_80 to -5736.500000, 286.500000, -1926.500000]
[03Dec2024 03:31:46.710] [Server thread/INFO] [net.minecraft.server.MinecraftServer/]: [JhynMC: Teleported JhynMC to -900.500000, 64.500000, 944.500000]
[03Dec2024 03:31:48.642] [Server thread/INFO] [net.minecraft.server.MinecraftServer/]: [Gondar_80: Teleported Gondar_80 to JhynMC]
[03Dec2024 03:31:51.762] [Server thread/INFO] [net.minecraft.server.MinecraftServer/]: <JhynMC> a
[03Dec2024 03:31:54.884] [Server thread/INFO] [net.minecraft.server.MinecraftServer/]: <JhynMC> JAJAJAJAJAJA
[03Dec2024 03:32:05.984] [Server thread/INFO] [net.minecraft.server.MinecraftServer/]: [Gondar_80: Teleported Gondar_80 to -575.500000, 200.500000, 1332.500000]
[03Dec2024 03:32:24.481] [Server thread/INFO] [net.minecraft.server.MinecraftServer/]: [JhynMC: Teleported JhynMC to -574.500000, 204.500000, 1338.500000]
[03Dec2024 03:32:47.829] [Server thread/INFO] [net.minecraft.server.MinecraftServer/]: <JhynMC> ven
[03Dec2024 03:32:51.429] [Server thread/INFO] [net.minecraft.server.MinecraftServer/]: <JhynMC> a
[03Dec2024 03:32:54.275] [Server thread/INFO] [net.minecraft.server.MinecraftServer/]: [JhynMC: Teleported JhynMC to Gondar_80]
[03Dec2024 03:34:05.885] [Server thread/INFO] [net.minecraft.server.MinecraftServer/]: <JhynMC> Pos muy bien
[03Dec2024 03:34:10.838] [Server thread/INFO] [net.minecraft.server.MinecraftServer/]: <JhynMC> te quedó chido
[03Dec2024 03:34:32.689] [Server thread/INFO] [net.minecraft.server.MinecraftServer/]: <JhynMC> Falta una mejor manera para poner spawns y cofres
[03Dec2024 03:34:59.726] [Server thread/INFO] [net.minecraft.server.MinecraftServer/]: <JhynMC> Y atrás una tolva
[03Dec2024 03:35:02.582] [Server thread/INFO] [net.minecraft.server.MinecraftServer/]: <JhynMC> pos sí xD
[03Dec2024 03:35:08.873] [Server thread/INFO] [net.minecraft.server.MinecraftServer/]: <JhynMC> Si quiere eso se lo hago io
[03Dec2024 03:35:21.873] [Server thread/INFO] [net.minecraft.server.MinecraftServer/]: <JhynMC> sisis es carito
[03Dec2024 03:36:59.987] [Server thread/INFO] [net.minecraft.server.MinecraftServer/]: <Pepishikita21> Bueno, yo me retiro
[03Dec2024 03:37:04.125] [Server thread/INFO] [net.minecraft.server.MinecraftServer/]: <Pepishikita21> Pasen eli noshe
[03Dec2024 03:37:14.129] [Server thread/INFO] [net.minecraft.server.MinecraftServer/]: <Pepishikita21> Gonda, ya avance con los cofres
[03Dec2024 03:37:14.697] [Server thread/INFO] [net.minecraft.server.MinecraftServer/]: <JhynMC> wena nochee
[03Dec2024 03:37:27.045] [Server thread/INFO] [net.minecraft.server.MinecraftServer/]: <Pepishikita21> Ahi ves si avanzas en arreglarlos y consigues cuero
[03Dec2024 03:37:29.527] [Server thread/INFO] [net.minecraft.server.MinecraftServer/]: [Gondar_80: Teleported Gondar_80 to JhynMC]
[03Dec2024 03:37:30.631] [Server thread/INFO] [net.minecraft.server.MinecraftServer/]: <Pepishikita21> Arios Jhyncito
[03Dec2024 03:37:32.971] [Server thread/INFO] [net.minecraft.server.network.ServerGamePacketListenerImpl/]: Pepishikita21 lost connection: Disconnected
[03Dec2024 03:37:32.972] [Server thread/INFO] [net.minecraft.server.MinecraftServer/]: Pepishikita21 left the game
[03Dec2024 03:38:11.176] [Server thread/INFO] [net.minecraft.server.MinecraftServer/]: <JhynMC> hmm se puede hacer una zonita como la del facheros recuerdas?
[03Dec2024 03:41:17.426] [Server thread/INFO] [net.minecraft.server.MinecraftServer/]: [JhynMC: Teleported JhynMC to -1036.500000, 80.500000, 623.500000]
[03Dec2024 03:41:26.817] [Server thread/INFO] [net.minecraft.server.MinecraftServer/]: <JhynMC> sisi
[03Dec2024 03:44:21.445] [Server thread/INFO] [net.minecraft.server.MinecraftServer/]: [JhynMC: Teleported JhynMC to Gondar_80]
[03Dec2024 03:47:10.543] [Server thread/INFO] [net.minecraft.server.MinecraftServer/]: <JhynMC> es que si no recje lo de atrás
[03Dec2024 03:47:21.010] [Server thread/INFO] [net.minecraft.server.MinecraftServer/]: <JhynMC> me falta para 3 xD
[03Dec2024 03:48:59.761] [Server thread/INFO] [net.minecraft.server.MinecraftServer/]: [Gondar_80: Teleported Gondar_80 to -396.500000, 84.500000, 1154.500000]
[03Dec2024 03:49:49.130] [Server thread/INFO] [net.minecraft.server.MinecraftServer/]: <JhynMC> emm xD
[03Dec2024 03:50:02.326] [Server thread/INFO] [net.minecraft.server.MinecraftServer/]: <JhynMC> falla por uno de altura ahí si detecta que estas
[03Dec2024 03:50:53.779] [Server thread/INFO] [net.minecraft.server.MinecraftServer/]: [Gondar_80: Teleported Gondar_80 to JhynMC]
[03Dec2024 03:51:15.676] [Server thread/INFO] [net.minecraft.server.MinecraftServer/]: <JhynMC> ajá
[03Dec2024 03:51:39.108] [Server thread/INFO] [net.minecraft.server.MinecraftServer/]: <JhynMC> Nono se puede estar arriba de la granja
[03Dec2024 03:51:48.329] [Server thread/INFO] [net.minecraft.server.MinecraftServer/]: <JhynMC> Tipo tener un warp de aquí para allá
[03Dec2024 03:51:58.272] [Server thread/INFO] [net.minecraft.server.MinecraftServer/]: <JhynMC> sho ci
[03Dec2024 03:52:01.135] [Server thread/INFO] [net.minecraft.server.MinecraftServer/]: [Gondar_80: Teleported Gondar_80 to -396.500000, 84.500000, 1154.500000]
[03Dec2024 03:53:01.417] [Server thread/INFO] [net.minecraft.server.MinecraftServer/]: <JhynMC> con 2 me sirve
[03Dec2024 03:53:30.574] [Server thread/INFO] [net.minecraft.server.MinecraftServer/]: [Gondar_80: Teleported Gondar_80 to -348.500000, 81.500000, 1089.500000]
[03Dec2024 03:53:38.979] [Server thread/INFO] [net.minecraft.server.MinecraftServer/]: <JhynMC> Ahh si
[03Dec2024 03:54:03.281] [Server thread/INFO] [net.minecraft.server.MinecraftServer/]: [Gondar_80: Teleported Gondar_80 to JhynMC]
[03Dec2024 03:54:26.380] [Server thread/INFO] [net.minecraft.server.MinecraftServer/]: [JhynMC: Teleported JhynMC to -413.500000, 85.500000, 1128.500000]
[03Dec2024 03:56:15.421] [Server thread/INFO] [net.minecraft.server.MinecraftServer/]: [JhynMC: Teleported JhynMC to Gondar_80]
[03Dec2024 03:57:54.919] [Server thread/INFO] [net.minecraft.server.MinecraftServer/]: <JhynMC> el qué que
[03Dec2024 04:01:39.271] [Server thread/INFO] [net.minecraft.server.MinecraftServer/]: [Gondar_80: Teleported Gondar_80 to JhynMC]
[03Dec2024 04:01:46.986] [Server thread/INFO] [net.minecraft.server.MinecraftServer/]: <JhynMC> se generaban cosos
[03Dec2024 04:04:01.361] [Server thread/INFO] [net.minecraft.server.MinecraftServer/]: <JhynMC> AY we lo de las pociones son nefastos xD
[03Dec2024 04:05:11.607] [Server thread/INFO] [net.minecraft.server.MinecraftServer/]: [Gondar_80: Teleported Gondar_80 to -396.500000, 84.500000, 1154.500000]
[03Dec2024 04:05:20.172] [Server thread/INFO] [net.minecraft.server.MinecraftServer/]: [JhynMC: Teleported JhynMC to Gondar_80]
[03Dec2024 04:05:23.449] [Server thread/INFO] [net.minecraft.server.MinecraftServer/]: [Gondar_80: Teleported Gondar_80 to -348.500000, 81.500000, 1089.500000]
[03Dec2024 04:05:30.768] [Server thread/INFO] [net.minecraft.server.MinecraftServer/]: <JhynMC> no pero toma
[03Dec2024 04:05:39.143] [Server thread/INFO] [net.minecraft.server.MinecraftServer/]: [Gondar_80: Teleported Gondar_80 to JhynMC]
[03Dec2024 04:05:56.065] [Server thread/INFO] [net.minecraft.world.entity.npc.Villager/]: Villager Villager['Shelton'/140963, l='ServerLevel[world]', x=-403.33, y=84.00, z=947.13] died, message: 'Shelton was slain by Zombie'
[03Dec2024 04:05:56.066] [Server thread/INFO] [net.minecraft.world.entity.LivingEntity/]: Named entity Villager['Shelton'/140963, l='ServerLevel[world]', x=-403.33, y=84.00, z=947.13] died: Shelton was slain by Zombie
[03Dec2024 04:06:01.138] [Server thread/INFO] [net.minecraft.server.MinecraftServer/]: [JhynMC: Teleported JhynMC to -574.500000, 204.500000, 1338.500000]
[03Dec2024 04:06:38.999] [Server thread/INFO] [net.minecraft.server.MinecraftServer/]: [JhynMC: Teleported JhynMC to -413.500000, 85.500000, 1128.500000]
[03Dec2024 04:09:38.622] [Server thread/INFO] [net.minecraft.server.MinecraftServer/]: <JhynMC> Cómo?
[03Dec2024 04:09:50.329] [Server thread/INFO] [net.minecraft.server.MinecraftServer/]: <JhynMC> No quiere?
[03Dec2024 04:11:15.890] [Server thread/INFO] [net.minecraft.server.MinecraftServer/]: <JhynMC> Oka
[03Dec2024 04:24:54.370] [Server thread/INFO] [net.minecraft.server.MinecraftServer/]: [JhynMC: Set own game mode to Creative Mode]
[03Dec2024 04:25:05.690] [Server thread/INFO] [net.minecraft.server.MinecraftServer/]: [JhynMC: Set own game mode to Survival Mode]
[03Dec2024 04:32:32.024] [Server thread/WARN] [net.minecraft.server.level.ServerPlayerGameMode/]: Mismatch in destroy block pos: BlockPos{x=-406, y=79, z=1248} BlockPos{x=-406, y=78, z=1247}
[03Dec2024 04:32:50.923] [Server thread/INFO] [net.minecraft.server.MinecraftServer/]: <JhynMC> AYY
[03Dec2024 04:32:53.135] [Server thread/INFO] [net.minecraft.server.MinecraftServer/]: <JhynMC> HOLA XD
[03Dec2024 04:34:04.627] [Server thread/INFO] [net.minecraft.server.MinecraftServer/]: <JhynMC> maso
[03Dec2024 04:34:16.494] [Server thread/INFO] [net.minecraft.server.MinecraftServer/]: <JhynMC> nop
[03Dec2024 04:38:06.624] [Server thread/INFO] [net.minecraft.server.MinecraftServer/]: <JhynMC> Qué?
[03Dec2024 04:38:23.528] [Server thread/INFO] [net.minecraft.server.MinecraftServer/]: <JhynMC> sip
[03Dec2024 04:39:33.721] [Server thread/INFO] [net.minecraft.server.MinecraftServer/]: <JhynMC> creo que a las 5 me dijiste xD
[03Dec2024 04:39:40.674] [Server thread/INFO] [net.minecraft.server.MinecraftServer/]: [JhynMC: Teleported JhynMC to Gondar_80]
[03Dec2024 04:40:40.465] [Server thread/WARN] [net.minecraft.server.level.ServerPlayerGameMode/]: Mismatch in destroy block pos: BlockPos{x=-418, y=78, z=1246} BlockPos{x=-418, y=77, z=1246}
[03Dec2024 04:40:40.518] [Server thread/WARN] [net.minecraft.server.level.ServerPlayerGameMode/]: Mismatch in destroy block pos: BlockPos{x=-418, y=78, z=1246} BlockPos{x=-417, y=77, z=1246}
[03Dec2024 04:54:54.618] [Server thread/INFO] [net.minecraft.server.MinecraftServer/]: Gondar_80 has made the advancement [Draconic Evolution]
[03Dec2024 04:55:03.270] [Server thread/INFO] [net.minecraft.server.MinecraftServer/]: <JhynMC> Buenooo
[03Dec2024 04:55:12.831] [Server thread/INFO] [net.minecraft.server.MinecraftServer/]: <JhynMC> Ni has ido al nether xD
[03Dec2024 04:56:16.182] [Server thread/INFO] [net.minecraft.server.MinecraftServer/]: [Gondar_80: Teleported Gondar_80 to -574.500000, 200.500000, 1336.500000]
[03Dec2024 04:56:19.521] [Server thread/INFO] [net.minecraft.server.MinecraftServer/]: <JhynMC> Yo primero estaría en Netherite ya luego si eso, un tal vez empenzaría el IAF
[03Dec2024 04:56:32.618] [Server thread/INFO] [net.minecraft.server.MinecraftServer/]: <JhynMC> Ice and Fire
[03Dec2024 04:56:58.373] [Server thread/INFO] [net.minecraft.server.MinecraftServer/]: <JhynMC> Nah cada uno juega como quiere
[03Dec2024 04:58:02.050] [Server thread/INFO] [net.minecraft.server.MinecraftServer/]: [Gondar_80: Teleported Gondar_80 to -348.500000, 81.500000, 1089.500000]
[03Dec2024 05:01:44.418] [Server thread/INFO] [net.minecraft.server.MinecraftServer/]: <JhynMC> Y eso pake?
[03Dec2024 05:03:01.136] [Server thread/INFO] [net.minecraft.server.MinecraftServer/]: [Gondar_80: Teleported Gondar_80 to -348.500000, 81.500000, 1089.500000]
[03Dec2024 05:03:23.721] [Server thread/INFO] [net.minecraft.server.MinecraftServer/]: <JhynMC> toi acomodando mis cofres, ya sería lo ultimo de la casa y puedo explorar o avanzar en otras cosas
[03Dec2024 05:03:38.027] [Server thread/INFO] [net.minecraft.server.MinecraftServer/]: <JhynMC> Se lo debo
[03Dec2024 05:03:55.680] [Server thread/INFO] [net.minecraft.server.MinecraftServer/]: <JhynMC> losas y libreria
[03Dec2024 05:04:47.279] [Server thread/INFO] [net.minecraft.server.MinecraftServer/]: <JhynMC> te suben los precios
[03Dec2024 05:04:54.068] [Server thread/INFO] [net.minecraft.server.MinecraftServer/]: <JhynMC> todos
[03Dec2024 05:05:02.735] [Server thread/INFO] [net.minecraft.server.MinecraftServer/]: <JhynMC> sí
[03Dec2024 05:10:18.926] [Server thread/INFO] [net.minecraft.server.MinecraftServer/]: <JhynMC> ya terminé igual quieres los arams?
[03Dec2024 05:12:12.672] [Server thread/INFO] [net.minecraft.server.network.ServerGamePacketListenerImpl/]: JhynMC lost connection: Disconnected
[03Dec2024 05:12:12.673] [Server thread/INFO] [net.minecraft.server.MinecraftServer/]: JhynMC left the game
[03Dec2024 05:14:25.393] [Server thread/INFO] [net.minecraft.server.MinecraftServer/]: [Gondar_80: Teleported Gondar_80 to -574.500000, 200.500000, 1336.500000]
[03Dec2024 05:17:24.257] [Server thread/INFO] [net.minecraft.server.network.ServerGamePacketListenerImpl/]: Gondar_80 lost connection: Disconnected
[03Dec2024 05:17:24.257] [Server thread/INFO] [net.minecraft.server.MinecraftServer/]: Gondar_80 left the game
[03Dec2024 05:17:24.320] [Server thread/WARN] [net.minecraft.network.Connection/]: handleDisconnection() called twice
[03Dec2024 05:18:24.950] [Server thread/INFO] [net.minecraft.server.MinecraftServer/]: Stopping the server
[03Dec2024 05:18:25.000] [Server thread/INFO] [net.minecraft.server.MinecraftServer/]: Stopping server
[03Dec2024 05:18:25.001] [Server thread/INFO] [net.minecraft.server.MinecraftServer/]: Saving players
[03Dec2024 05:18:25.001] [Server thread/INFO] [net.minecraft.server.MinecraftServer/]: Saving worlds
[03Dec2024 05:18:25.053] [Server thread/INFO] [net.minecraft.server.MinecraftServer/]: Saving chunks for level 'ServerLevel[world]'/minecraft:overworld
[03Dec2024 05:18:25.135] [Server thread/INFO] [net.minecraft.server.MinecraftServer/]: Saving chunks for level 'ServerLevel[world]'/minecraft:the_nether
[03Dec2024 05:18:25.137] [Server thread/INFO] [net.minecraft.server.MinecraftServer/]: Saving chunks for level 'ServerLevel[world]'/minecraft:the_end
[03Dec2024 05:18:25.138] [Server thread/INFO] [net.minecraft.server.MinecraftServer/]: Saving chunks for level 'ServerLevel[world]'/twilightforest:twilight_forest
[03Dec2024 05:18:25.179] [Server thread/INFO] [net.minecraft.server.MinecraftServer/]: ThreadedAnvilChunkStorage (world): All chunks are saved
[03Dec2024 05:18:25.180] [Server thread/INFO] [net.minecraft.server.MinecraftServer/]: ThreadedAnvilChunkStorage (DIM-1): All chunks are saved
[03Dec2024 05:18:25.180] [Server thread/INFO] [net.minecraft.server.MinecraftServer/]: ThreadedAnvilChunkStorage (DIM1): All chunks are saved
[03Dec2024 05:18:25.180] [Server thread/INFO] [net.minecraft.server.MinecraftServer/]: ThreadedAnvilChunkStorage (twilight_forest): All chunks are saved
[03Dec2024 05:18:25.180] [Server thread/INFO] [net.minecraft.server.MinecraftServer/]: ThreadedAnvilChunkStorage: All dimensions are saved
